<?xml version="1.0" encoding="UTF-8"?>
<!-- Generated by org.testng.reporters.JUnitXMLReporter -->
<testsuite ignored="0" hostname="Areti" failures="0" tests="3" name="Default test" time="14.954" errors="0" timestamp="2026-03-14T15:27:14 EDT">
  <testcase classname="com.healthcare.tests.LoginTest" name="inValidLoginTest" time="2.37"/>
  <testcase classname="com.healthcare.tests.LoginTest" name="loginTest" time="0.44"/>
  <testcase classname="com.healthcare.tests.LoginTest" name="loginWithEmptyFields" time="7.473"/>
</testsuite> <!-- Default test -->
