<?xml version="1.0" encoding="UTF-8"?>
<!-- Generated by org.testng.reporters.JUnitXMLReporter -->
<testsuite ignored="2" hostname="Areti" failures="0" tests="13" name="Healthcare Tests" time="48.025" errors="0" timestamp="2026-03-18T15:23:53 EDT">
  <testcase classname="com.healthcare.tests.LoginTest" name="inValidLoginTest" time="0.782"/>
  <testcase classname="com.healthcare.tests.LoginTest" name="loginTest" time="0.788"/>
  <testcase classname="com.healthcare.tests.LoginTest" name="loginTest" time="0.94"/>
  <testcase classname="com.healthcare.tests.LoginTest" name="loginTest" time="1.298"/>
  <testcase classname="com.healthcare.tests.LoginTest" name="loginWithEmptyFields" time="0.802"/>
  <testcase classname="com.healthcare.tests.LoginTest" name="validLoginTest" time="1.282"/>
  <testcase classname="com.healthcare.tests.BookAppointmentTest" name="bookAppointmentTest" time="1.514"/>
  <testcase classname="com.healthcare.tests.BookAppointmentTest" name="bookAppointmentTest" time="1.748"/>
  <testcase classname="com.healthcare.tests.BookAppointmentTest" name="bookAppointmentTest" time="1.695"/>
  <testcase classname="com.healthcare.tests.BookAppointmentTest" name="bookAppointmentTest" time="2.231"/>
  <testcase classname="com.healthcare.tests.BookAppointmentTest" name="bookMedicaidAppointmentTest" time="1.972"/>
  <testcase classname="com.healthcare.tests.BookAppointmentTest" name="bookMedicareAppointmentTest" time="1.85"/>
  <testcase classname="com.healthcare.tests.BookAppointmentTest" name="bookNoneAppointmentTest" time="2.067"/>
  <testcase classname="com.healthcare.base.BaseTest" name="@BeforeSuite setupReport" time="0.0">
    <ignored/>
  </testcase> <!-- @BeforeSuite setupReport -->
  <testcase classname="com.healthcare.base.BaseTest" name="@AfterSuite afterSuite" time="0.0">
    <ignored/>
  </testcase> <!-- @AfterSuite afterSuite -->
</testsuite> <!-- Healthcare Tests -->
