<?xml version="1.0" encoding="UTF-8"?>
<!-- Generated by org.testng.reporters.JUnitXMLReporter -->
<testsuite ignored="0" hostname="Areti" failures="0" tests="7" name="Healthcare Tests" time="4.332" errors="0" timestamp="2026-03-17T13:19:46 EDT">
  <testcase classname="com.healthcare.base.BaseTest" name="@BeforeMethod setup" time="3.274">
    <failure type="org.openqa.selenium.WebDriverException" message="Reached error page: about:neterror?e=dnsNotFound&amp;amp;u=https%3A//uat-cura.com/&amp;amp;c=UTF-8&amp;amp;d=We%20can%E2%80%99t%20connect%20to%20the%20server%20at%20uat-cura.com.&amp;amp;a=
Build info: version: &amp;apos;4.18.1&amp;apos;, revision: &amp;apos;b1d3319b48&amp;apos;
System info: os.name: &amp;apos;Windows 11&amp;apos;, os.arch: &amp;apos;amd64&amp;apos;, os.version: &amp;apos;10.0&amp;apos;, java.version: &amp;apos;17.0.18&amp;apos;
Driver info: org.openqa.selenium.firefox.FirefoxDriver
Command: [5adb3471-f25b-4744-9920-71832801ce5a, get {url=https://uat-cura.com}]
Capabilities {acceptInsecureCerts: true, browserName: firefox, browserVersion: 148.0.2, moz:accessibilityChecks: false, moz:buildID: 20260309125808, moz:geckodriverVersion: 0.36.0, moz:headless: false, moz:platformVersion: 10.0, moz:processID: 10480, moz:profile: C:\Users\areti\AppData\Loca..., moz:shutdownTimeout: 60000, moz:webdriverClick: true, moz:windowless: false, pageLoadStrategy: normal, platformName: windows, proxy: Proxy(), setWindowRect: true, strictFileInteractability: false, timeouts: {implicit: 0, pageLoad: 300000, script: 30000}, unhandledPromptBehavior: dismiss and notify, userAgent: Mozilla/5.0 (Windows NT 10....}
Session ID: 5adb3471-f25b-4744-9920-71832801ce5a">
      <![CDATA[org.openqa.selenium.WebDriverException: Reached error page: about:neterror?e=dnsNotFound&u=https%3A//uat-cura.com/&c=UTF-8&d=We%20can%E2%80%99t%20connect%20to%20the%20server%20at%20uat-cura.com.&a=
Build info: version: '4.18.1', revision: 'b1d3319b48'
System info: os.name: 'Windows 11', os.arch: 'amd64', os.version: '10.0', java.version: '17.0.18'
Driver info: org.openqa.selenium.firefox.FirefoxDriver
Command: [5adb3471-f25b-4744-9920-71832801ce5a, get {url=https://uat-cura.com}]
Capabilities {acceptInsecureCerts: true, browserName: firefox, browserVersion: 148.0.2, moz:accessibilityChecks: false, moz:buildID: 20260309125808, moz:geckodriverVersion: 0.36.0, moz:headless: false, moz:platformVersion: 10.0, moz:processID: 10480, moz:profile: C:\Users\areti\AppData\Loca..., moz:shutdownTimeout: 60000, moz:webdriverClick: true, moz:windowless: false, pageLoadStrategy: normal, platformName: windows, proxy: Proxy(), setWindowRect: true, strictFileInteractability: false, timeouts: {implicit: 0, pageLoad: 300000, script: 30000}, unhandledPromptBehavior: dismiss and notify, userAgent: Mozilla/5.0 (Windows NT 10....}
Session ID: 5adb3471-f25b-4744-9920-71832801ce5a
at org.openqa.selenium.remote.ErrorCodec.decode(ErrorCodec.java:167)
at org.openqa.selenium.remote.codec.w3c.W3CHttpResponseCodec.decode(W3CHttpResponseCodec.java:138)
at org.openqa.selenium.remote.codec.w3c.W3CHttpResponseCodec.decode(W3CHttpResponseCodec.java:50)
at org.openqa.selenium.remote.HttpCommandExecutor.execute(HttpCommandExecutor.java:190)
at org.openqa.selenium.remote.service.DriverCommandExecutor.invokeExecute(DriverCommandExecutor.java:216)
at org.openqa.selenium.remote.service.DriverCommandExecutor.execute(DriverCommandExecutor.java:174)
at org.openqa.selenium.remote.RemoteWebDriver.execute(RemoteWebDriver.java:519)
at org.openqa.selenium.remote.RemoteWebDriver.get(RemoteWebDriver.java:301)
at com.healthcare.base.BaseTest.setup(BaseTest.java:71)
at java.base/java.util.ArrayList.forEach(ArrayList.java:1511)
at java.base/java.util.concurrent.FutureTask.run(FutureTask.java:264)
at java.base/java.util.concurrent.ThreadPoolExecutor.runWorker(ThreadPoolExecutor.java:1136)
at java.base/java.util.concurrent.ThreadPoolExecutor$Worker.run(ThreadPoolExecutor.java:635)
at java.base/java.lang.Thread.run(Thread.java:840)
... Removed 26 stack frames]]>
    </failure>
  </testcase> <!-- @BeforeMethod setup -->
  <testcase classname="com.healthcare.base.BaseTest" name="@AfterMethod teardown" time="0.0">
    <skipped/>
  </testcase> <!-- @AfterMethod teardown -->
  <testcase classname="com.healthcare.base.BaseTest" name="@BeforeMethod setup" time="0.0">
    <skipped/>
  </testcase> <!-- @BeforeMethod setup -->
  <testcase classname="com.healthcare.base.BaseTest" name="@AfterMethod teardown" time="0.0">
    <skipped/>
  </testcase> <!-- @AfterMethod teardown -->
  <testcase classname="com.healthcare.base.BaseTest" name="@BeforeMethod setup" time="0.0">
    <skipped/>
  </testcase> <!-- @BeforeMethod setup -->
  <testcase classname="com.healthcare.base.BaseTest" name="@AfterMethod teardown" time="0.0">
    <skipped/>
  </testcase> <!-- @AfterMethod teardown -->
  <testcase classname="com.healthcare.base.BaseTest" name="@BeforeMethod setup" time="0.0">
    <skipped/>
  </testcase> <!-- @BeforeMethod setup -->
  <testcase classname="com.healthcare.base.BaseTest" name="@AfterMethod teardown" time="0.0">
    <skipped/>
  </testcase> <!-- @AfterMethod teardown -->
  <testcase classname="com.healthcare.base.BaseTest" name="@BeforeMethod setup" time="0.0">
    <skipped/>
  </testcase> <!-- @BeforeMethod setup -->
  <testcase classname="com.healthcare.base.BaseTest" name="@AfterMethod teardown" time="0.0">
    <skipped/>
  </testcase> <!-- @AfterMethod teardown -->
  <testcase classname="com.healthcare.base.BaseTest" name="@BeforeMethod setup" time="0.0">
    <skipped/>
  </testcase> <!-- @BeforeMethod setup -->
  <testcase classname="com.healthcare.base.BaseTest" name="@AfterMethod teardown" time="0.0">
    <skipped/>
  </testcase> <!-- @AfterMethod teardown -->
  <testcase classname="com.healthcare.base.BaseTest" name="@BeforeMethod setup" time="0.0">
    <skipped/>
  </testcase> <!-- @BeforeMethod setup -->
  <testcase classname="com.healthcare.base.BaseTest" name="@AfterMethod teardown" time="0.0">
    <skipped/>
  </testcase> <!-- @AfterMethod teardown -->
  <testcase classname="com.healthcare.tests.BookAppointmentTest" name="bookAppointmentTest" time="0.0">
    <skipped/>
  </testcase> <!-- bookAppointmentTest -->
  <testcase classname="com.healthcare.tests.BookAppointmentTest" name="bookAppointmentTest" time="0.0">
    <skipped/>
  </testcase> <!-- bookAppointmentTest -->
  <testcase classname="com.healthcare.tests.BookAppointmentTest" name="bookAppointmentTest" time="0.0">
    <skipped/>
  </testcase> <!-- bookAppointmentTest -->
  <testcase classname="com.healthcare.tests.BookAppointmentTest" name="bookAppointmentTest" time="0.0">
    <skipped/>
  </testcase> <!-- bookAppointmentTest -->
  <testcase classname="com.healthcare.tests.BookAppointmentTest" name="bookMedicaidAppointmentTest" time="0.0">
    <skipped/>
  </testcase> <!-- bookMedicaidAppointmentTest -->
  <testcase classname="com.healthcare.tests.BookAppointmentTest" name="bookMedicareAppointmentTest" time="0.0">
    <skipped/>
  </testcase> <!-- bookMedicareAppointmentTest -->
  <testcase classname="com.healthcare.tests.BookAppointmentTest" name="bookNoneAppointmentTest" time="0.0">
    <skipped/>
  </testcase> <!-- bookNoneAppointmentTest -->
</testsuite> <!-- Healthcare Tests -->
