<?xml version="1.0" encoding="UTF-8"?>
<testng-results ignored="0" total="13" passed="13" failed="0" skipped="0">
  <reporter-output>
  </reporter-output>
  <suite started-at="2026-03-18T15:23:05 EDT" name="Healthcare Suite" finished-at="2026-03-18T15:23:53 EDT" duration-ms="48025">
    <groups>
    </groups>
    <test started-at="2026-03-18T15:23:05 EDT" name="Healthcare Tests" finished-at="2026-03-18T15:23:53 EDT" duration-ms="48025">
      <class name="com.healthcare.tests.LoginTest">
        <test-method is-config="true" signature="setupReport()[pri:0, instance:com.healthcare.tests.LoginTest@6025e1b6]" started-at="2026-03-18T15:23:04 EDT" name="setupReport" finished-at="2026-03-18T15:23:05 EDT" duration-ms="264" status="PASS">
          <reporter-output>
          </reporter-output>
        </test-method> <!-- setupReport -->
        <test-method is-config="true" signature="setup()[pri:0, instance:com.healthcare.tests.LoginTest@6025e1b6]" started-at="2026-03-18T15:23:05 EDT" name="setup" finished-at="2026-03-18T15:23:07 EDT" duration-ms="2370" status="PASS">
          <reporter-output>
          </reporter-output>
        </test-method> <!-- setup -->
        <test-method signature="inValidLoginTest()[pri:0, instance:com.healthcare.tests.LoginTest@6025e1b6]" started-at="2026-03-18T15:23:07 EDT" name="inValidLoginTest" finished-at="2026-03-18T15:23:08 EDT" duration-ms="782" status="PASS">
          <reporter-output>
          </reporter-output>
        </test-method> <!-- inValidLoginTest -->
        <test-method is-config="true" signature="teardown()[pri:0, instance:com.healthcare.tests.LoginTest@6025e1b6]" started-at="2026-03-18T15:23:08 EDT" name="teardown" finished-at="2026-03-18T15:23:08 EDT" duration-ms="188" status="PASS">
          <reporter-output>
          </reporter-output>
        </test-method> <!-- teardown -->
        <test-method is-config="true" signature="setup()[pri:0, instance:com.healthcare.tests.LoginTest@6025e1b6]" started-at="2026-03-18T15:23:09 EDT" name="setup" finished-at="2026-03-18T15:23:11 EDT" duration-ms="2006" status="PASS">
          <reporter-output>
          </reporter-output>
        </test-method> <!-- setup -->
        <test-method signature="loginTest(java.lang.String,java.lang.String,java.lang.String)[pri:0, instance:com.healthcare.tests.LoginTest@6025e1b6]" started-at="2026-03-18T15:23:11 EDT" name="loginTest" data-provider="loginData" finished-at="2026-03-18T15:23:11 EDT" duration-ms="788" status="PASS">
          <params>
            <param index="0">
              <value>
                <![CDATA[John Doe]]>
              </value>
            </param>
            <param index="1">
              <value>
                <![CDATA[ThisIsNotAPassword]]>
              </value>
            </param>
            <param index="2">
              <value>
                <![CDATA[Success]]>
              </value>
            </param>
          </params>
          <reporter-output>
          </reporter-output>
        </test-method> <!-- loginTest -->
        <test-method is-config="true" signature="teardown()[pri:0, instance:com.healthcare.tests.LoginTest@6025e1b6]" started-at="2026-03-18T15:23:11 EDT" name="teardown" finished-at="2026-03-18T15:23:12 EDT" duration-ms="171" status="PASS">
          <reporter-output>
          </reporter-output>
        </test-method> <!-- teardown -->
        <test-method is-config="true" signature="setup()[pri:0, instance:com.healthcare.tests.LoginTest@6025e1b6]" started-at="2026-03-18T15:23:12 EDT" name="setup" finished-at="2026-03-18T15:23:13 EDT" duration-ms="1844" status="PASS">
          <reporter-output>
          </reporter-output>
        </test-method> <!-- setup -->
        <test-method signature="loginTest(java.lang.String,java.lang.String,java.lang.String)[pri:0, instance:com.healthcare.tests.LoginTest@6025e1b6]" started-at="2026-03-18T15:23:13 EDT" name="loginTest" data-provider="loginData" finished-at="2026-03-18T15:23:14 EDT" duration-ms="940" status="PASS">
          <params>
            <param index="0">
              <value>
                <![CDATA[Test]]>
              </value>
            </param>
            <param index="1">
              <value>
                <![CDATA[Test]]>
              </value>
            </param>
            <param index="2">
              <value>
                <![CDATA[Failure]]>
              </value>
            </param>
          </params>
          <reporter-output>
          </reporter-output>
        </test-method> <!-- loginTest -->
        <test-method is-config="true" signature="teardown()[pri:0, instance:com.healthcare.tests.LoginTest@6025e1b6]" started-at="2026-03-18T15:23:14 EDT" name="teardown" finished-at="2026-03-18T15:23:15 EDT" duration-ms="144" status="PASS">
          <reporter-output>
          </reporter-output>
        </test-method> <!-- teardown -->
        <test-method is-config="true" signature="setup()[pri:0, instance:com.healthcare.tests.LoginTest@6025e1b6]" started-at="2026-03-18T15:23:15 EDT" name="setup" finished-at="2026-03-18T15:23:17 EDT" duration-ms="2458" status="PASS">
          <reporter-output>
          </reporter-output>
        </test-method> <!-- setup -->
        <test-method signature="loginTest(java.lang.String,java.lang.String,java.lang.String)[pri:0, instance:com.healthcare.tests.LoginTest@6025e1b6]" started-at="2026-03-18T15:23:17 EDT" name="loginTest" data-provider="loginData" finished-at="2026-03-18T15:23:18 EDT" duration-ms="1298" status="PASS">
          <params>
            <param index="0">
              <value>
                <![CDATA[ ]]>
              </value>
            </param>
            <param index="1">
              <value>
                <![CDATA[ ]]>
              </value>
            </param>
            <param index="2">
              <value>
                <![CDATA[Failure]]>
              </value>
            </param>
          </params>
          <reporter-output>
          </reporter-output>
        </test-method> <!-- loginTest -->
        <test-method is-config="true" signature="teardown()[pri:0, instance:com.healthcare.tests.LoginTest@6025e1b6]" started-at="2026-03-18T15:23:18 EDT" name="teardown" finished-at="2026-03-18T15:23:18 EDT" duration-ms="204" status="PASS">
          <reporter-output>
          </reporter-output>
        </test-method> <!-- teardown -->
        <test-method is-config="true" signature="setup()[pri:0, instance:com.healthcare.tests.LoginTest@6025e1b6]" started-at="2026-03-18T15:23:18 EDT" name="setup" finished-at="2026-03-18T15:23:21 EDT" duration-ms="2249" status="PASS">
          <reporter-output>
          </reporter-output>
        </test-method> <!-- setup -->
        <test-method signature="loginWithEmptyFields()[pri:0, instance:com.healthcare.tests.LoginTest@6025e1b6]" started-at="2026-03-18T15:23:21 EDT" name="loginWithEmptyFields" finished-at="2026-03-18T15:23:22 EDT" duration-ms="802" status="PASS">
          <reporter-output>
          </reporter-output>
        </test-method> <!-- loginWithEmptyFields -->
        <test-method is-config="true" signature="teardown()[pri:0, instance:com.healthcare.tests.LoginTest@6025e1b6]" started-at="2026-03-18T15:23:22 EDT" name="teardown" finished-at="2026-03-18T15:23:22 EDT" duration-ms="149" status="PASS">
          <reporter-output>
          </reporter-output>
        </test-method> <!-- teardown -->
        <test-method is-config="true" signature="setup()[pri:0, instance:com.healthcare.tests.LoginTest@6025e1b6]" started-at="2026-03-18T15:23:22 EDT" name="setup" finished-at="2026-03-18T15:23:23 EDT" duration-ms="1615" status="PASS">
          <reporter-output>
          </reporter-output>
        </test-method> <!-- setup -->
        <test-method signature="validLoginTest()[pri:0, instance:com.healthcare.tests.LoginTest@6025e1b6]" started-at="2026-03-18T15:23:23 EDT" name="validLoginTest" finished-at="2026-03-18T15:23:25 EDT" duration-ms="1282" status="PASS">
          <reporter-output>
          </reporter-output>
        </test-method> <!-- validLoginTest -->
        <test-method is-config="true" signature="teardown()[pri:0, instance:com.healthcare.tests.LoginTest@6025e1b6]" started-at="2026-03-18T15:23:25 EDT" name="teardown" finished-at="2026-03-18T15:23:25 EDT" duration-ms="186" status="PASS">
          <reporter-output>
          </reporter-output>
        </test-method> <!-- teardown -->
        <test-method is-config="true" signature="afterSuite()[pri:0, instance:com.healthcare.tests.LoginTest@6025e1b6]" started-at="2026-03-18T15:23:53 EDT" name="afterSuite" finished-at="2026-03-18T15:23:53 EDT" duration-ms="322" status="PASS">
          <reporter-output>
          </reporter-output>
        </test-method> <!-- afterSuite -->
      </class> <!-- com.healthcare.tests.LoginTest -->
      <class name="com.healthcare.tests.BookAppointmentTest">
        <test-method is-config="true" signature="setup()[pri:0, instance:com.healthcare.tests.BookAppointmentTest@3b69e7d1]" started-at="2026-03-18T15:23:25 EDT" name="setup" finished-at="2026-03-18T15:23:27 EDT" duration-ms="1757" status="PASS">
          <reporter-output>
          </reporter-output>
        </test-method> <!-- setup -->
        <test-method signature="bookAppointmentTest(java.lang.String,java.lang.String,java.lang.String,java.lang.String,java.lang.String,java.lang.String,java.lang.String)[pri:0, instance:com.healthcare.tests.BookAppointmentTest@3b69e7d1]" started-at="2026-03-18T15:23:27 EDT" name="bookAppointmentTest" data-provider="appointmentData" finished-at="2026-03-18T15:23:28 EDT" duration-ms="1514" status="PASS">
          <params>
            <param index="0">
              <value>
                <![CDATA[John Doe]]>
              </value>
            </param>
            <param index="1">
              <value>
                <![CDATA[ThisIsNotAPassword]]>
              </value>
            </param>
            <param index="2">
              <value>
                <![CDATA[Tokyo CURA Healthcare Center]]>
              </value>
            </param>
            <param index="3">
              <value>
                <![CDATA[Yes]]>
              </value>
            </param>
            <param index="4">
              <value>
                <![CDATA[Medicare]]>
              </value>
            </param>
            <param index="5">
              <value>
                <![CDATA[10-Mar-2026]]>
              </value>
            </param>
            <param index="6">
              <value>
                <![CDATA[Medicare followup appointment]]>
              </value>
            </param>
          </params>
          <reporter-output>
          </reporter-output>
        </test-method> <!-- bookAppointmentTest -->
        <test-method is-config="true" signature="teardown()[pri:0, instance:com.healthcare.tests.BookAppointmentTest@3b69e7d1]" started-at="2026-03-18T15:23:28 EDT" name="teardown" finished-at="2026-03-18T15:23:28 EDT" duration-ms="135" status="PASS">
          <reporter-output>
          </reporter-output>
        </test-method> <!-- teardown -->
        <test-method is-config="true" signature="setup()[pri:0, instance:com.healthcare.tests.BookAppointmentTest@3b69e7d1]" started-at="2026-03-18T15:23:28 EDT" name="setup" finished-at="2026-03-18T15:23:30 EDT" duration-ms="1874" status="PASS">
          <reporter-output>
          </reporter-output>
        </test-method> <!-- setup -->
        <test-method signature="bookAppointmentTest(java.lang.String,java.lang.String,java.lang.String,java.lang.String,java.lang.String,java.lang.String,java.lang.String)[pri:0, instance:com.healthcare.tests.BookAppointmentTest@3b69e7d1]" started-at="2026-03-18T15:23:30 EDT" name="bookAppointmentTest" data-provider="appointmentData" finished-at="2026-03-18T15:23:32 EDT" duration-ms="1748" status="PASS">
          <params>
            <param index="0">
              <value>
                <![CDATA[John Doe]]>
              </value>
            </param>
            <param index="1">
              <value>
                <![CDATA[ThisIsNotAPassword]]>
              </value>
            </param>
            <param index="2">
              <value>
                <![CDATA[Tokyo CURA Healthcare Center]]>
              </value>
            </param>
            <param index="3">
              <value>
                <![CDATA[No]]>
              </value>
            </param>
            <param index="4">
              <value>
                <![CDATA[Medicare]]>
              </value>
            </param>
            <param index="5">
              <value>
                <![CDATA[11-Mar-2026]]>
              </value>
            </param>
            <param index="6">
              <value>
                <![CDATA[Medicare new appointment]]>
              </value>
            </param>
          </params>
          <reporter-output>
          </reporter-output>
        </test-method> <!-- bookAppointmentTest -->
        <test-method is-config="true" signature="teardown()[pri:0, instance:com.healthcare.tests.BookAppointmentTest@3b69e7d1]" started-at="2026-03-18T15:23:32 EDT" name="teardown" finished-at="2026-03-18T15:23:32 EDT" duration-ms="154" status="PASS">
          <reporter-output>
          </reporter-output>
        </test-method> <!-- teardown -->
        <test-method is-config="true" signature="setup()[pri:0, instance:com.healthcare.tests.BookAppointmentTest@3b69e7d1]" started-at="2026-03-18T15:23:32 EDT" name="setup" finished-at="2026-03-18T15:23:34 EDT" duration-ms="1904" status="PASS">
          <reporter-output>
          </reporter-output>
        </test-method> <!-- setup -->
        <test-method signature="bookAppointmentTest(java.lang.String,java.lang.String,java.lang.String,java.lang.String,java.lang.String,java.lang.String,java.lang.String)[pri:0, instance:com.healthcare.tests.BookAppointmentTest@3b69e7d1]" started-at="2026-03-18T15:23:34 EDT" name="bookAppointmentTest" data-provider="appointmentData" finished-at="2026-03-18T15:23:36 EDT" duration-ms="1695" status="PASS">
          <params>
            <param index="0">
              <value>
                <![CDATA[John Doe]]>
              </value>
            </param>
            <param index="1">
              <value>
                <![CDATA[ThisIsNotAPassword]]>
              </value>
            </param>
            <param index="2">
              <value>
                <![CDATA[Hongkong CURA Healthcare Center]]>
              </value>
            </param>
            <param index="3">
              <value>
                <![CDATA[Yes]]>
              </value>
            </param>
            <param index="4">
              <value>
                <![CDATA[Medicaid]]>
              </value>
            </param>
            <param index="5">
              <value>
                <![CDATA[12-Mar-2026]]>
              </value>
            </param>
            <param index="6">
              <value>
                <![CDATA[Medicaid followup appointment]]>
              </value>
            </param>
          </params>
          <reporter-output>
          </reporter-output>
        </test-method> <!-- bookAppointmentTest -->
        <test-method is-config="true" signature="teardown()[pri:0, instance:com.healthcare.tests.BookAppointmentTest@3b69e7d1]" started-at="2026-03-18T15:23:36 EDT" name="teardown" finished-at="2026-03-18T15:23:36 EDT" duration-ms="140" status="PASS">
          <reporter-output>
          </reporter-output>
        </test-method> <!-- teardown -->
        <test-method is-config="true" signature="setup()[pri:0, instance:com.healthcare.tests.BookAppointmentTest@3b69e7d1]" started-at="2026-03-18T15:23:36 EDT" name="setup" finished-at="2026-03-18T15:23:38 EDT" duration-ms="1884" status="PASS">
          <reporter-output>
          </reporter-output>
        </test-method> <!-- setup -->
        <test-method signature="bookAppointmentTest(java.lang.String,java.lang.String,java.lang.String,java.lang.String,java.lang.String,java.lang.String,java.lang.String)[pri:0, instance:com.healthcare.tests.BookAppointmentTest@3b69e7d1]" started-at="2026-03-18T15:23:38 EDT" name="bookAppointmentTest" data-provider="appointmentData" finished-at="2026-03-18T15:23:40 EDT" duration-ms="2231" status="PASS">
          <params>
            <param index="0">
              <value>
                <![CDATA[John Doe]]>
              </value>
            </param>
            <param index="1">
              <value>
                <![CDATA[ThisIsNotAPassword]]>
              </value>
            </param>
            <param index="2">
              <value>
                <![CDATA[Seoul CURA Healthcare Center]]>
              </value>
            </param>
            <param index="3">
              <value>
                <![CDATA[No]]>
              </value>
            </param>
            <param index="4">
              <value>
                <![CDATA[None]]>
              </value>
            </param>
            <param index="5">
              <value>
                <![CDATA[13-Mar-2026]]>
              </value>
            </param>
            <param index="6">
              <value>
                <![CDATA[No healthcare pgm new appointment]]>
              </value>
            </param>
          </params>
          <reporter-output>
          </reporter-output>
        </test-method> <!-- bookAppointmentTest -->
        <test-method is-config="true" signature="teardown()[pri:0, instance:com.healthcare.tests.BookAppointmentTest@3b69e7d1]" started-at="2026-03-18T15:23:40 EDT" name="teardown" finished-at="2026-03-18T15:23:40 EDT" duration-ms="165" status="PASS">
          <reporter-output>
          </reporter-output>
        </test-method> <!-- teardown -->
        <test-method is-config="true" signature="setup()[pri:0, instance:com.healthcare.tests.BookAppointmentTest@3b69e7d1]" started-at="2026-03-18T15:23:40 EDT" name="setup" finished-at="2026-03-18T15:23:42 EDT" duration-ms="2392" status="PASS">
          <reporter-output>
          </reporter-output>
        </test-method> <!-- setup -->
        <test-method signature="bookMedicaidAppointmentTest()[pri:0, instance:com.healthcare.tests.BookAppointmentTest@3b69e7d1]" started-at="2026-03-18T15:23:42 EDT" name="bookMedicaidAppointmentTest" finished-at="2026-03-18T15:23:44 EDT" duration-ms="1972" status="PASS">
          <reporter-output>
          </reporter-output>
        </test-method> <!-- bookMedicaidAppointmentTest -->
        <test-method is-config="true" signature="teardown()[pri:0, instance:com.healthcare.tests.BookAppointmentTest@3b69e7d1]" started-at="2026-03-18T15:23:44 EDT" name="teardown" finished-at="2026-03-18T15:23:45 EDT" duration-ms="159" status="PASS">
          <reporter-output>
          </reporter-output>
        </test-method> <!-- teardown -->
        <test-method is-config="true" signature="setup()[pri:0, instance:com.healthcare.tests.BookAppointmentTest@3b69e7d1]" started-at="2026-03-18T15:23:45 EDT" name="setup" finished-at="2026-03-18T15:23:47 EDT" duration-ms="2142" status="PASS">
          <reporter-output>
          </reporter-output>
        </test-method> <!-- setup -->
        <test-method signature="bookMedicareAppointmentTest()[pri:0, instance:com.healthcare.tests.BookAppointmentTest@3b69e7d1]" started-at="2026-03-18T15:23:47 EDT" name="bookMedicareAppointmentTest" finished-at="2026-03-18T15:23:49 EDT" duration-ms="1850" status="PASS">
          <reporter-output>
          </reporter-output>
        </test-method> <!-- bookMedicareAppointmentTest -->
        <test-method is-config="true" signature="teardown()[pri:0, instance:com.healthcare.tests.BookAppointmentTest@3b69e7d1]" started-at="2026-03-18T15:23:49 EDT" name="teardown" finished-at="2026-03-18T15:23:49 EDT" duration-ms="168" status="PASS">
          <reporter-output>
          </reporter-output>
        </test-method> <!-- teardown -->
        <test-method is-config="true" signature="setup()[pri:0, instance:com.healthcare.tests.BookAppointmentTest@3b69e7d1]" started-at="2026-03-18T15:23:49 EDT" name="setup" finished-at="2026-03-18T15:23:51 EDT" duration-ms="1836" status="PASS">
          <reporter-output>
          </reporter-output>
        </test-method> <!-- setup -->
        <test-method signature="bookNoneAppointmentTest()[pri:0, instance:com.healthcare.tests.BookAppointmentTest@3b69e7d1]" started-at="2026-03-18T15:23:51 EDT" name="bookNoneAppointmentTest" finished-at="2026-03-18T15:23:53 EDT" duration-ms="2067" status="PASS">
          <reporter-output>
          </reporter-output>
        </test-method> <!-- bookNoneAppointmentTest -->
        <test-method is-config="true" signature="teardown()[pri:0, instance:com.healthcare.tests.BookAppointmentTest@3b69e7d1]" started-at="2026-03-18T15:23:53 EDT" name="teardown" finished-at="2026-03-18T15:23:53 EDT" duration-ms="135" status="PASS">
          <reporter-output>
          </reporter-output>
        </test-method> <!-- teardown -->
      </class> <!-- com.healthcare.tests.BookAppointmentTest -->
    </test> <!-- Healthcare Tests -->
  </suite> <!-- Healthcare Suite -->
</testng-results>
