<?xml version="1.0" encoding="UTF-8"?>
<!-- Generated by org.testng.reporters.JUnitReportReporter -->
<testsuite hostname="Areti" failures="0" tests="6" name="com.healthcare.tests.LoginTest" time="19.476" errors="0" timestamp="2026-03-18T15:23:53 EDT" skipped="0">
  <testcase classname="com.healthcare.tests.LoginTest" name="inValidLoginTest" time="2.797"/>
  <testcase classname="com.healthcare.tests.LoginTest" name="loginTest" time="3.733"/>
  <testcase classname="com.healthcare.tests.LoginTest" name="loginTest" time="2.759"/>
  <testcase classname="com.healthcare.tests.LoginTest" name="loginWithEmptyFields" time="3.316"/>
  <testcase classname="com.healthcare.tests.LoginTest" name="validLoginTest" time="3.476"/>
  <testcase classname="com.healthcare.tests.LoginTest" name="loginTest" time="3.395"/>
</testsuite> <!-- com.healthcare.tests.LoginTest -->
