<?xml version="1.0" encoding="UTF-8"?>
<!-- Generated by org.testng.reporters.JUnitReportReporter -->
<testsuite hostname="Areti" failures="0" tests="3" name="com.healthcare.tests.LoginTest" time="8.643" errors="0" timestamp="2026-03-17T11:30:21 EDT" skipped="0">
  <testcase classname="com.healthcare.tests.LoginTest" name="inValidLoginTest" time="2.200"/>
  <testcase classname="com.healthcare.tests.LoginTest" name="loginWithEmptyFields" time="3.896"/>
  <testcase classname="com.healthcare.tests.LoginTest" name="validLoginTest" time="2.547"/>
</testsuite> <!-- com.healthcare.tests.LoginTest -->
