<?xml version="1.0" encoding="UTF-8"?>
<!-- Generated by org.testng.reporters.JUnitReportReporter -->
<testsuite hostname="Areti" failures="0" tests="7" name="com.healthcare.tests.BookAppointment" time="27.317" errors="0" timestamp="2026-03-16T13:41:20 EDT" skipped="0">
  <testcase classname="com.healthcare.tests.BookAppointment" name="bookAppointmentTest" time="3.051"/>
  <testcase classname="com.healthcare.tests.BookAppointment" name="bookNoneAppointmentTest" time="2.801"/>
  <testcase classname="com.healthcare.tests.BookAppointment" name="bookMedicareAppointmentTest" time="7.907"/>
  <testcase classname="com.healthcare.tests.BookAppointment" name="bookAppointmentTest" time="3.640"/>
  <testcase classname="com.healthcare.tests.BookAppointment" name="bookMedicaidAppointmentTest" time="2.533"/>
  <testcase classname="com.healthcare.tests.BookAppointment" name="bookAppointmentTest" time="2.848"/>
  <testcase classname="com.healthcare.tests.BookAppointment" name="bookAppointmentTest" time="4.537"/>
</testsuite> <!-- com.healthcare.tests.BookAppointment -->
