<?xml version="1.0" encoding="UTF-8"?>
<!-- Generated by org.testng.reporters.JUnitReportReporter -->
<testsuite hostname="Areti" failures="0" tests="2" name="com.healthcare.tests.BookAppointmentMedicare" time="5.667" errors="0" timestamp="2026-03-15T19:07:53 EDT" skipped="0">
  <testcase classname="com.healthcare.tests.BookAppointmentMedicare" name="bookMedicaidAppointmentTest" time="3.104"/>
  <testcase classname="com.healthcare.tests.BookAppointmentMedicare" name="bookMedicareAppointmentTest" time="2.563"/>
</testsuite> <!-- com.healthcare.tests.BookAppointmentMedicare -->
