<?xml version="1.0" encoding="UTF-8"?>
<!-- Generated by org.testng.reporters.JUnitReportReporter -->
<testsuite hostname="Areti" failures="0" tests="7" name="com.healthcare.tests.BookAppointmentTest" time="27.922" errors="0" timestamp="2026-03-18T15:23:53 EDT" skipped="0">
  <testcase classname="com.healthcare.tests.BookAppointmentTest" name="bookAppointmentTest" time="3.611"/>
  <testcase classname="com.healthcare.tests.BookAppointmentTest" name="bookMedicareAppointmentTest" time="4.132"/>
  <testcase classname="com.healthcare.tests.BookAppointmentTest" name="bookMedicaidAppointmentTest" time="3.991"/>
  <testcase classname="com.healthcare.tests.BookAppointmentTest" name="bookAppointmentTest" time="4.060"/>
  <testcase classname="com.healthcare.tests.BookAppointmentTest" name="bookAppointmentTest" time="4.270"/>
  <testcase classname="com.healthcare.tests.BookAppointmentTest" name="bookNoneAppointmentTest" time="4.071"/>
  <testcase classname="com.healthcare.tests.BookAppointmentTest" name="bookAppointmentTest" time="3.787"/>
</testsuite> <!-- com.healthcare.tests.BookAppointmentTest -->
